[14-Aug-2022 14:18:07] [Date: 2022-08-14 14:18:07 | root connect succesfully to 'penjub']
[14-Aug-2022 14:18:07] [Date: 2022-08-14 14:18:07 | root execute succesfully Sql Query in DB: penjub
 'select count(*) as numb from tbl_persona']
[14-Aug-2022 14:18:07] [Date: 2022-08-14 14:18:07 | root execute succesfully Select query in penjub
 'SELECT * FROM tbl_persona limit 0,15']
[14-Aug-2022 14:19:28] [Date: 2022-08-14 14:19:28 | root connect succesfully to 'penjub']
[14-Aug-2022 14:19:28] [Date: 2022-08-14 14:19:28 | root execute succesfully Sql Query in DB: penjub
 'SELECT TABLE_NAME TBL,COLUMN_NAME COL, ORDINAL_POSITION REF_COL, DATA_TYPE REF_TBL FROM INFORMATION_SCHEMA.COLUMNS WHERE TABLE_NAME = 'tbl_persona' UNION SELECT TABLE_NAME TBL,COLUMN_NAME COL, REFERENCED_COLUMN_NAME REF_COL, REFERENCED_TABLE_NAME REF_TBL FROM INFORMATION_SCHEMA.KEY_COLUMN_USAGE WHERE REFERENCED_TABLE_SCHEMA = 'penjub' AND REFERENCED_TABLE_NAME = 'tbl_persona' UNION SELECT TABLE_NAME TBL,COLUMN_NAME COL, REFERENCED_COLUMN_NAME REF_COL, REFERENCED_TABLE_NAME REF_TBL FROM INFORMATION_SCHEMA.KEY_COLUMN_USAGE WHERE REFERENCED_TABLE_SCHEMA = 'penjub' AND TABLE_NAME = 'tbl_persona'']
[14-Aug-2022 14:19:28] [Date: 2022-08-14 14:19:28 | root execute succesfully Sql Query in DB: penjub
 'SELECT TABLE_NAME TBL,COLUMN_NAME COL, ORDINAL_POSITION REF_COL, DATA_TYPE REF_TBL FROM INFORMATION_SCHEMA.COLUMNS WHERE TABLE_NAME = 'tbl_persona'']
[14-Aug-2022 14:19:28] [Date: 2022-08-14 14:19:28 | root execute succesfully Sql Query in DB: penjub
 'SELECT TABLE_NAME TBL,COLUMN_NAME COL, REFERENCED_COLUMN_NAME REF_COL, REFERENCED_TABLE_NAME REF_TBL FROM INFORMATION_SCHEMA.KEY_COLUMN_USAGE WHERE REFERENCED_TABLE_SCHEMA = 'penjub' AND TABLE_NAME = 'tbl_persona'']
[14-Aug-2022 14:19:28] [Date: 2022-08-14 14:19:28 | root execute succesfully Sql Query in DB: penjub
 'SELECT TABLE_NAME TBL,COLUMN_NAME COL, REFERENCED_COLUMN_NAME REF_COL, REFERENCED_TABLE_NAME REF_TBL FROM INFORMATION_SCHEMA.KEY_COLUMN_USAGE WHERE REFERENCED_TABLE_SCHEMA = 'penjub' AND REFERENCED_TABLE_NAME = 'tbl_persona'']
[14-Aug-2022 14:19:55] [Date: 2022-08-14 14:19:55 | root connect succesfully to 'my_lqs_admin']
[14-Aug-2022 14:19:55] [Date: 2022-08-14 14:19:55 | root execute succesfully show tables query
 'SHOW TABLES;']
[14-Aug-2022 18:47:07] [Date: 2022-08-14 18:47:07 | inaki2022 connect succesfully to 'POAPMYSQL119.dns-servicio.com:3306']
[14-Aug-2022 18:47:07] [Date: 2022-08-14 18:47:07 | inaki2022 connect succesfully to 'POAPMYSQL119.dns-servicio.com:3306']
[14-Aug-2022 18:47:07] [Date: 2022-08-14 18:47:07 |  execute succesfully show tables query
 'SHOW DATABASES;']
[14-Aug-2022 18:47:07] [Date: 2022-08-14 18:47:07 | inaki2022 execute succesfully Select query in 
 'SELECT TABLE_SCHEMA, TABLE_NAME, TABLE_TYPE, TABLE_ROWS, TABLE_COLLATION FROM information_schema.tables;']
[14-Aug-2022 18:47:16] [Date: 2022-08-14 18:47:16 | inaki2022 connect succesfully to '8661316_laninaki22']
[14-Aug-2022 18:47:16] [Date: 2022-08-14 18:47:16 | inaki2022 execute succesfully show tables query
 'SHOW TABLES;']
[14-Aug-2022 18:49:03] [Date: 2022-08-14 18:49:03 | root connect succesfully to '127.0.0.1']
[14-Aug-2022 18:49:03] [Date: 2022-08-14 18:49:03 | root connect succesfully to '127.0.0.1']
[14-Aug-2022 18:49:03] [Date: 2022-08-14 18:49:03 |  execute succesfully show tables query
 'SHOW DATABASES;']
[14-Aug-2022 18:49:03] [Date: 2022-08-14 18:49:03 | root execute succesfully Select query in 
 'SELECT TABLE_SCHEMA, TABLE_NAME, TABLE_TYPE, TABLE_ROWS, TABLE_COLLATION FROM information_schema.tables;']
[14-Aug-2022 18:49:08] [Date: 2022-08-14 18:49:08 | inaki2022 connect succesfully to 'POAPMYSQL119.dns-servicio.com:3306']
[14-Aug-2022 18:49:08] [Date: 2022-08-14 18:49:08 | inaki2022 connect succesfully to 'POAPMYSQL119.dns-servicio.com:3306']
[14-Aug-2022 18:49:08] [Date: 2022-08-14 18:49:08 |  execute succesfully show tables query
 'SHOW DATABASES;']
[14-Aug-2022 18:49:08] [Date: 2022-08-14 18:49:08 | inaki2022 execute succesfully Select query in 
 'SELECT TABLE_SCHEMA, TABLE_NAME, TABLE_TYPE, TABLE_ROWS, TABLE_COLLATION FROM information_schema.tables;']
[14-Aug-2022 18:49:08] [Date: 2022-08-14 18:49:08 | inaki2022 connect succesfully to 'POAPMYSQL119.dns-servicio.com:3306']
[14-Aug-2022 18:49:08] [Date: 2022-08-14 18:49:08 | inaki2022 connect succesfully to 'POAPMYSQL119.dns-servicio.com:3306']
[14-Aug-2022 18:49:08] [Date: 2022-08-14 18:49:08 |  execute succesfully show tables query
 'SHOW DATABASES;']
[14-Aug-2022 18:49:08] [Date: 2022-08-14 18:49:08 | inaki2022 execute succesfully Select query in 
 'SELECT TABLE_SCHEMA, TABLE_NAME, TABLE_TYPE, TABLE_ROWS, TABLE_COLLATION FROM information_schema.tables;']
[14-Aug-2022 18:49:08] [Date: 2022-08-14 18:49:08 | inaki2022 connect succesfully to 'POAPMYSQL119.dns-servicio.com:3306']
[14-Aug-2022 18:49:08] [Date: 2022-08-14 18:49:08 | inaki2022 connect succesfully to 'POAPMYSQL119.dns-servicio.com:3306']
[14-Aug-2022 18:49:08] [Date: 2022-08-14 18:49:08 |  execute succesfully show tables query
 'SHOW DATABASES;']
[14-Aug-2022 18:49:08] [Date: 2022-08-14 18:49:08 | inaki2022 execute succesfully Select query in 
 'SELECT TABLE_SCHEMA, TABLE_NAME, TABLE_TYPE, TABLE_ROWS, TABLE_COLLATION FROM information_schema.tables;']
[14-Aug-2022 18:49:09] [Date: 2022-08-14 18:49:09 | inaki2022 connect succesfully to '8661316_laninaki22']
[14-Aug-2022 18:49:09] [Date: 2022-08-14 18:49:09 | inaki2022 execute succesfully show tables query
 'SHOW TABLES;']
[14-Aug-2022 18:49:28] [Date: 2022-08-14 18:49:28 | root connect succesfully to '127.0.0.1']
[14-Aug-2022 18:49:29] [Date: 2022-08-14 18:49:29 |  execute succesfully show tables query
 'SHOW DATABASES;']
[14-Aug-2022 18:49:29] [Date: 2022-08-14 18:49:29 | root connect succesfully to '127.0.0.1']
[14-Aug-2022 18:49:29] [Date: 2022-08-14 18:49:29 | root connect succesfully to '127.0.0.1']
[14-Aug-2022 18:49:29] [Date: 2022-08-14 18:49:29 |  execute succesfully show tables query
 'SHOW DATABASES;']
[14-Aug-2022 18:49:29] [Date: 2022-08-14 18:49:29 | root connect succesfully to '127.0.0.1']
[14-Aug-2022 18:49:29] [Date: 2022-08-14 18:49:29 |  execute succesfully show tables query
 'SHOW DATABASES;']
[14-Aug-2022 18:49:29] [Date: 2022-08-14 18:49:29 | root connect succesfully to '127.0.0.1']
[14-Aug-2022 18:49:29] [Date: 2022-08-14 18:49:29 |  execute succesfully show tables query
 'SHOW DATABASES;']
[14-Aug-2022 18:49:29] [Date: 2022-08-14 18:49:29 | root connect succesfully to '127.0.0.1']
[14-Aug-2022 18:49:29] [Date: 2022-08-14 18:49:29 |  execute succesfully show tables query
 'SHOW DATABASES;']
[14-Aug-2022 18:49:29] [Date: 2022-08-14 18:49:29 | root execute succesfully Select query in 
 'SELECT TABLE_SCHEMA, TABLE_NAME, TABLE_TYPE, TABLE_ROWS, TABLE_COLLATION FROM information_schema.tables;']
[14-Aug-2022 18:49:29] [Date: 2022-08-14 18:49:29 | root connect succesfully to '127.0.0.1']
[14-Aug-2022 18:49:29] [Date: 2022-08-14 18:49:29 | root execute succesfully Select query in 
 'SELECT TABLE_SCHEMA, TABLE_NAME, TABLE_TYPE, TABLE_ROWS, TABLE_COLLATION FROM information_schema.tables;']
[14-Aug-2022 18:49:29] [Date: 2022-08-14 18:49:29 | root connect succesfully to '127.0.0.1']
[14-Aug-2022 18:49:29] [Date: 2022-08-14 18:49:29 | root execute succesfully Select query in 
 'SELECT TABLE_SCHEMA, TABLE_NAME, TABLE_TYPE, TABLE_ROWS, TABLE_COLLATION FROM information_schema.tables;']
[14-Aug-2022 18:49:29] [Date: 2022-08-14 18:49:29 | root connect succesfully to '127.0.0.1']
[14-Aug-2022 18:49:29] [Date: 2022-08-14 18:49:29 | root execute succesfully Select query in 
 'SELECT TABLE_SCHEMA, TABLE_NAME, TABLE_TYPE, TABLE_ROWS, TABLE_COLLATION FROM information_schema.tables;']
[14-Aug-2022 18:49:29] [Date: 2022-08-14 18:49:29 | root connect succesfully to '127.0.0.1']
[14-Aug-2022 18:49:29] [Date: 2022-08-14 18:49:29 | root execute succesfully Select query in 
 'SELECT TABLE_SCHEMA, TABLE_NAME, TABLE_TYPE, TABLE_ROWS, TABLE_COLLATION FROM information_schema.tables;']
[14-Aug-2022 18:49:30] [Date: 2022-08-14 18:49:30 | root connect succesfully to 'penjub']
[14-Aug-2022 18:49:30] [Date: 2022-08-14 18:49:30 | root execute succesfully show tables query
 'SHOW TABLES;']
[14-Aug-2022 18:51:26] [Date: 2022-08-14 18:51:26 | root connect succesfully to 'penjub']
[14-Aug-2022 18:51:26] [Date: 2022-08-14 18:51:26 | root execute succesfully show tables query
 'describe tbl_ciudad;']
[14-Aug-2022 18:51:29] [Date: 2022-08-14 18:51:29 | root connect succesfully to 'penjub']
[14-Aug-2022 18:51:29] [Date: 2022-08-14 18:51:29 | root execute succesfully Sql Query in DB: penjub
 'select count(*) as numb from tbl_ciudad']
[14-Aug-2022 18:51:29] [Date: 2022-08-14 18:51:29 | root execute succesfully Select query in penjub
 'SELECT * FROM tbl_ciudad limit 0,15']
[14-Aug-2022 18:51:45] [Date: 2022-08-14 18:51:45 | root connect succesfully to 'penjub']
[14-Aug-2022 18:51:46] [Date: 2022-08-14 18:51:46 | root execute succesfully show tables query
 'describe tbl_ciudad;']
[14-Aug-2022 18:51:47] [Date: 2022-08-14 18:51:47 | root connect succesfully to 'penjub']
[14-Aug-2022 18:51:47] [Date: 2022-08-14 18:51:47 | root execute succesfully Sql Query in DB: penjub
 'select count(*) as numb from tbl_ciudad']
[14-Aug-2022 18:51:47] [Date: 2022-08-14 18:51:47 | root execute succesfully Select query in penjub
 'SELECT * FROM tbl_ciudad limit 0,15']
[14-Aug-2022 18:57:57] [Date: 2022-08-14 18:57:57 | root connect succesfully to '127.0.0.1']
[14-Aug-2022 18:57:57] [Date: 2022-08-14 18:57:57 | root connect succesfully to '127.0.0.1']
[14-Aug-2022 18:57:57] [Date: 2022-08-14 18:57:57 |  execute succesfully show tables query
 'SHOW DATABASES;']
[14-Aug-2022 18:57:58] [Date: 2022-08-14 18:57:58 | root execute succesfully Select query in 
 'SELECT TABLE_SCHEMA, TABLE_NAME, TABLE_TYPE, TABLE_ROWS, TABLE_COLLATION FROM information_schema.tables;']
[14-Aug-2022 18:58:00] [Date: 2022-08-14 18:58:00 | root connect succesfully to 'penjub']
[14-Aug-2022 18:58:00] [Date: 2022-08-14 18:58:00 | root execute succesfully show tables query
 'SHOW TABLES;']
[14-Aug-2022 18:58:09] [Date: 2022-08-14 18:58:09 | root connect succesfully to 'penjub']
[14-Aug-2022 18:58:09] [Date: 2022-08-14 18:58:09 | root execute succesfully show tables query
 'describe tbl_ciudad;']
[14-Aug-2022 18:58:13] [Date: 2022-08-14 18:58:13 | root connect succesfully to 'penjub']
[14-Aug-2022 18:58:13] [Date: 2022-08-14 18:58:13 | root execute succesfully Sql Query in DB: penjub
 'select count(*) as numb from tbl_ciudad']
[14-Aug-2022 18:58:13] [Date: 2022-08-14 18:58:13 | root execute succesfully Select query in penjub
 'SELECT * FROM tbl_ciudad limit 0,15']
[14-Aug-2022 18:58:16] [Date: 2022-08-14 18:58:16 | root connect succesfully to 'my_lqs_admin']
14-Aug-2022 18:58:16] [Date: 2022-08-14 18:58:16 | root connect succesfully to 'penjub']
[14-Aug-2022 18:58:16] [Date: 2022-08-14 18:58:16 | root execute succesfully Sql Query in DB: my_lqs_admin
 'SELECT btn_name, comment, query FROM standard_queries']
[14-Aug-2022 18:58:16] [Date: 2022-08-14 18:58:16 | root execute succesfully show tables query
 'SHOW TABLES;']
[14-Aug-2022 18:58:35] [Date: 2022-08-14 18:58:35 | root connect succesfully to 'penjub']
[14-Aug-2022 18:58:35] [Date: 2022-08-14 18:58:35 | root execute succesfully Sql Query in DB: penjub
 'select count(*) as numb from tbl_ciudad']
[14-Aug-2022 18:58:35] [Date: 2022-08-14 18:58:35 | root execute succesfully Select query in penjub
 'SELECT * FROM tbl_ciudad limit 0,15']
[14-Aug-2022 18:59:03] [Date: 2022-08-14 18:59:03 | root connect succesfully to '127.0.0.1']
[14-Aug-2022 18:59:03] [Date: 2022-08-14 18:59:03 |  execute succesfully show tables query
 'SHOW DATABASES;']
[14-Aug-2022 18:59:03] [Date: 2022-08-14 18:59:03 | root connect succesfully to '127.0.0.1']
[14-Aug-2022 18:59:03] [Date: 2022-08-14 18:59:03 | root execute succesfully Select query in 
 'SELECT TABLE_SCHEMA, TABLE_NAME, TABLE_TYPE, TABLE_ROWS, TABLE_COLLATION FROM information_schema.tables;']
[14-Aug-2022 18:59:04] [Date: 2022-08-14 18:59:04 | root connect succesfully to 'penjub']
[14-Aug-2022 18:59:04] [Date: 2022-08-14 18:59:04 | root execute succesfully show tables query
 'SHOW TABLES;']
[14-Aug-2022 18:59:09] [Date: 2022-08-14 18:59:09 | root connect succesfully to 'my_lqs_admin']
[14-Aug-2022 18:59:09] [Date: 2022-08-14 18:59:09 | root execute succesfully Sql Query in DB: my_lqs_admin
 'SELECT btn_name, comment, query FROM standard_queries']
[14-Aug-2022 18:59:09] [Date: 2022-08-14 18:59:09 | root connect succesfully to 'penjub']
[14-Aug-2022 18:59:09] [Date: 2022-08-14 18:59:09 | root execute succesfully show tables query
 'SHOW TABLES;']
[14-Aug-2022 18:59:12] [Date: 2022-08-14 18:59:12 | root connect succesfully to 'penjub']
[14-Aug-2022 18:59:12] [Date: 2022-08-14 18:59:12 | root execute succesfully show tables query
 'describe tbl_ciudad;']
[14-Aug-2022 18:59:13] [Date: 2022-08-14 18:59:13 | root connect succesfully to 'penjub']
[14-Aug-2022 18:59:13] [Date: 2022-08-14 18:59:13 | root execute succesfully Sql Query in DB: penjub
 'select count(*) as numb from tbl_ciudad']
[14-Aug-2022 18:59:13] [Date: 2022-08-14 18:59:13 | root execute succesfully Select query in penjub
 'SELECT * FROM tbl_ciudad limit 0,15']
[14-Aug-2022 18:59:21] [Date: 2022-08-14 18:59:21 | root connect succesfully to 'penjub']
[14-Aug-2022 18:59:21] [Date: 2022-08-14 18:59:21 | root execute succesfully show tables query
 'describe tbl_ciudad;']
[14-Aug-2022 18:59:26] [Date: 2022-08-14 18:59:26 | root connect succesfully to 'penjub']
[14-Aug-2022 18:59:26] [Date: 2022-08-14 18:59:26 | root execute succesfully show tables query
 'describe tbl_ciudad;']
[14-Aug-2022 19:00:04] [Date: 2022-08-14 19:00:04 | root connect succesfully to '127.0.0.1']
[14-Aug-2022 19:00:04] [Date: 2022-08-14 19:00:04 | root connect succesfully to '127.0.0.1']
[14-Aug-2022 19:00:04] [Date: 2022-08-14 19:00:04 |  execute succesfully show tables query
 'SHOW DATABASES;']
[14-Aug-2022 19:00:04] [Date: 2022-08-14 19:00:04 | root execute succesfully Select query in 
 'SELECT TABLE_SCHEMA, TABLE_NAME, TABLE_TYPE, TABLE_ROWS, TABLE_COLLATION FROM information_schema.tables;']
[14-Aug-2022 19:00:05] [Date: 2022-08-14 19:00:05 | root connect succesfully to 'penjub']
[14-Aug-2022 19:00:05] [Date: 2022-08-14 19:00:05 | root execute succesfully show tables query
 'SHOW TABLES;']
[14-Aug-2022 19:00:08] [Date: 2022-08-14 19:00:08 | root connect succesfully to 'my_lqs_admin']
[14-Aug-2022 19:00:08] [Date: 2022-08-14 19:00:08 | root connect succesfully to 'penjub']
[14-Aug-2022 19:00:08] [Date: 2022-08-14 19:00:08 | root execute succesfully Sql Query in DB: my_lqs_admin
 'SELECT btn_name, comment, query FROM standard_queries']
[14-Aug-2022 19:00:08] [Date: 2022-08-14 19:00:08 | root execute succesfully show tables query
 'SHOW TABLES;']
[14-Aug-2022 19:00:14] [Date: 2022-08-14 19:00:14 | root connect succesfully to 'penjub']
[14-Aug-2022 19:00:14] [Date: 2022-08-14 19:00:14 | root execute succesfully show tables query
 'describe tbl_archivos;']
[14-Aug-2022 19:00:15] [Date: 2022-08-14 19:00:15 | root connect succesfully to 'penjub']
[14-Aug-2022 19:00:15] [Date: 2022-08-14 19:00:15 | root execute succesfully show tables query
 'describe tbl_archivos;']
[14-Aug-2022 19:00:23] [Date: 2022-08-14 19:00:23 | root connect succesfully to 'penjub']
[14-Aug-2022 19:00:23] [Date: 2022-08-14 19:00:23 | root execute succesfully Sql Query in DB: penjub
 'select count(*) as numb from tbl_archivos']
[14-Aug-2022 19:00:23] [Date: 2022-08-14 19:00:23 | root execute succesfully Select query in penjub
 'SELECT * FROM tbl_archivos limit 0,15']
[14-Aug-2022 19:00:32] [Date: 2022-08-14 19:00:32 | root connect succesfully to 'penjub']
[14-Aug-2022 19:00:32] [Date: 2022-08-14 19:00:32 | root connect succesfully to 'penjub']
[14-Aug-2022 19:00:32] [Date: 2022-08-14 19:00:32 | root execute succesfully Sql Query in DB: penjub
 'select count(*) as numb from tbl_archivos']
[14-Aug-2022 19:00:32] [Date: 2022-08-14 19:00:32 | root execute succesfully show tables query
 'describe tbl_archivos;']
[14-Aug-2022 19:00:32] [Date: 2022-08-14 19:00:32 | root execute succesfully Select query in penjub
 'SELECT * FROM tbl_archivos limit 0,15']
[14-Aug-2022 19:00:36] [Date: 2022-08-14 19:00:36 | root connect succesfully to 'penjub']
[14-Aug-2022 19:00:36] [Date: 2022-08-14 19:00:36 | root execute succesfully Sql Query in DB: penjub
 'select count(*) as numb from tbl_archivos']
[14-Aug-2022 19:00:36] [Date: 2022-08-14 19:00:36 | root execute succesfully Select query in penjub
 'SELECT * FROM tbl_archivos limit 0,15']
[14-Aug-2022 19:00:44] [Date: 2022-08-14 19:00:44 | root connect succesfully to 'penjub']
[14-Aug-2022 19:00:44] [Date: 2022-08-14 19:00:44 | root execute succesfully show tables query
 'describe tbl_ciudad;']
[14-Aug-2022 19:00:46] [Date: 2022-08-14 19:00:46 | root connect succesfully to 'penjub']
[14-Aug-2022 19:00:46] [Date: 2022-08-14 19:00:46 | root execute succesfully show tables query
 'describe tbl_ciudad;']
[14-Aug-2022 19:00:53] [Date: 2022-08-14 19:00:53 | root connect succesfully to 'penjub']
[14-Aug-2022 19:00:53] [Date: 2022-08-14 19:00:53 | root execute succesfully Sql Query in DB: penjub
 'select count(*) as numb from tbl_ciudad']
[14-Aug-2022 19:00:53] [Date: 2022-08-14 19:00:53 | root execute succesfully Select query in penjub
 'SELECT * FROM tbl_ciudad limit 0,15']
[14-Aug-2022 19:05:40] [Date: 2022-08-14 19:05:40 | root connect succesfully to '127.0.0.1']
[14-Aug-2022 19:05:40] [Date: 2022-08-14 19:05:40 |  execute succesfully show tables query
 'SHOW DATABASES;']
[14-Aug-2022 19:05:40] [Date: 2022-08-14 19:05:40 | root connect succesfully to '127.0.0.1']
[14-Aug-2022 19:05:40] [Date: 2022-08-14 19:05:40 | root execute succesfully Select query in 
 'SELECT TABLE_SCHEMA, TABLE_NAME, TABLE_TYPE, TABLE_ROWS, TABLE_COLLATION FROM information_schema.tables;']
[14-Aug-2022 19:05:42] [Date: 2022-08-14 19:05:42 | root connect succesfully to 'penjub']
[14-Aug-2022 19:05:42] [Date: 2022-08-14 19:05:42 | root execute succesfully show tables query
 'SHOW TABLES;']
[14-Aug-2022 19:05:48] [Date: 2022-08-14 19:05:48 | root connect succesfully to 'penjub']
[14-Aug-2022 19:05:48] [Date: 2022-08-14 19:05:48 | root execute succesfully show tables query
 'describe tbl_ciudad;']
[14-Aug-2022 19:05:50] [Date: 2022-08-14 19:05:50 | root connect succesfully to 'penjub']
[14-Aug-2022 19:05:50] [Date: 2022-08-14 19:05:50 | root execute succesfully Sql Query in DB: penjub
 'select count(*) as numb from tbl_ciudad']
[14-Aug-2022 19:05:50] [Date: 2022-08-14 19:05:50 | root execute succesfully Select query in penjub
 'SELECT * FROM tbl_ciudad limit 0,15']
[14-Aug-2022 19:05:51] [Date: 2022-08-14 19:05:51 | root connect succesfully to 'my_lqs_admin']
[14-Aug-2022 19:05:51] [Date: 2022-08-14 19:05:51 | root connect succesfully to 'penjub']
[14-Aug-2022 19:05:51] [Date: 2022-08-14 19:05:51 | root execute succesfully Sql Query in DB: my_lqs_admin
 'SELECT btn_name, comment, query FROM standard_queries']
[14-Aug-2022 19:05:51] [Date: 2022-08-14 19:05:51 | root execute succesfully show tables query
 'SHOW TABLES;']
[14-Aug-2022 19:05:56] [Date: 2022-08-14 19:05:56 | root connect succesfully to 'penjub']
[14-Aug-2022 19:05:56] [Date: 2022-08-14 19:05:56 | root execute succesfully show tables query
 'describe tbl_archivos;']
[14-Aug-2022 19:05:59] [Date: 2022-08-14 19:05:59 | root connect succesfully to 'penjub']
[14-Aug-2022 19:05:59] [Date: 2022-08-14 19:05:59 | root execute succesfully Sql Query in DB: penjub
 'select count(*) as numb from tbl_archivos']
[14-Aug-2022 19:05:59] [Date: 2022-08-14 19:05:59 | root execute succesfully Select query in penjub
 'SELECT * FROM tbl_archivos limit 0,15']
[14-Aug-2022 19:06:54] [Date: 2022-08-14 19:06:54 | root connect succesfully to '127.0.0.1']
[14-Aug-2022 19:06:54] [Date: 2022-08-14 19:06:54 | root connect succesfully to '127.0.0.1']
[14-Aug-2022 19:06:54] [Date: 2022-08-14 19:06:54 |  execute succesfully show tables query
 'SHOW DATABASES;']
[14-Aug-2022 19:06:55] [Date: 2022-08-14 19:06:55 | root execute succesfully Select query in 
 'SELECT TABLE_SCHEMA, TABLE_NAME, TABLE_TYPE, TABLE_ROWS, TABLE_COLLATION FROM information_schema.tables;']
[14-Aug-2022 19:06:56] [Date: 2022-08-14 19:06:56 | root connect succesfully to 'penjub']
[14-Aug-2022 19:06:56] [Date: 2022-08-14 19:06:56 | root execute succesfully show tables query
 'SHOW TABLES;']
[14-Aug-2022 19:06:58] [Date: 2022-08-14 19:06:58 | root connect succesfully to 'penjub']
[14-Aug-2022 19:06:58] [Date: 2022-08-14 19:06:58 | root execute succesfully show tables query
 'describe tbl_archivos;']
[14-Aug-2022 19:06:59] [Date: 2022-08-14 19:06:59 | root connect succesfully to 'penjub']
[14-Aug-2022 19:06:59] [Date: 2022-08-14 19:06:59 | root execute succesfully Sql Query in DB: penjub
 'select count(*) as numb from tbl_archivos']
[14-Aug-2022 19:06:59] [Date: 2022-08-14 19:06:59 | root execute succesfully Select query in penjub
 'SELECT * FROM tbl_archivos limit 0,15']
[14-Aug-2022 19:08:22] [Date: 2022-08-14 19:08:22 | root connect succesfully to '127.0.0.1']
[14-Aug-2022 19:08:22] [Date: 2022-08-14 19:08:22 |  execute succesfully show tables query
 'SHOW DATABASES;']
[14-Aug-2022 19:08:22] [Date: 2022-08-14 19:08:22 | root connect succesfully to '127.0.0.1']
[14-Aug-2022 19:08:23] [Date: 2022-08-14 19:08:23 | root execute succesfully Select query in 
 'SELECT TABLE_SCHEMA, TABLE_NAME, TABLE_TYPE, TABLE_ROWS, TABLE_COLLATION FROM information_schema.tables;']
[14-Aug-2022 19:08:24] [Date: 2022-08-14 19:08:24 | root connect succesfully to 'penjub']
[14-Aug-2022 19:08:24] [Date: 2022-08-14 19:08:24 | root execute succesfully show tables query
 'SHOW TABLES;']
[14-Aug-2022 19:08:28] [Date: 2022-08-14 19:08:28 | root connect succesfully to 'penjub']
[14-Aug-2022 19:08:28] [Date: 2022-08-14 19:08:28 | root execute succesfully show tables query
 'describe tbl_ciudad;']
[14-Aug-2022 19:08:29] [Date: 2022-08-14 19:08:29 | root connect succesfully to 'penjub']
[14-Aug-2022 19:08:29] [Date: 2022-08-14 19:08:29 | root execute succesfully Sql Query in DB: penjub
 'select count(*) as numb from tbl_ciudad']
[14-Aug-2022 19:08:29] [Date: 2022-08-14 19:08:29 | root execute succesfully Select query in penjub
 'SELECT * FROM tbl_ciudad limit 0,15']
[14-Aug-2022 19:08:32] [Date: 2022-08-14 19:08:32 | root connect succesfully to 'penjub']
[14-Aug-2022 19:08:32] [Date: 2022-08-14 19:08:32 | root execute succesfully show tables query
 'describe tbl_archivos;']
[14-Aug-2022 19:08:37] [Date: 2022-08-14 19:08:37 | root connect succesfully to 'penjub']
[14-Aug-2022 19:08:37] [Date: 2022-08-14 19:08:37 | root execute succesfully Sql Query in DB: penjub
 'select count(*) as numb from tbl_archivos']
[14-Aug-2022 19:08:37] [Date: 2022-08-14 19:08:37 | root execute succesfully Select query in penjub
 'SELECT * FROM tbl_archivos limit 0,15']
[14-Aug-2022 19:12:34] [Date: 2022-08-14 19:12:34 | root connect succesfully to '127.0.0.1']
[14-Aug-2022 19:12:34] [Date: 2022-08-14 19:12:34 | root connect succesfully to '127.0.0.1']
[14-Aug-2022 19:12:34] [Date: 2022-08-14 19:12:34 |  execute succesfully show tables query
 'SHOW DATABASES;']
[14-Aug-2022 19:12:34] [Date: 2022-08-14 19:12:34 | root execute succesfully Select query in 
 'SELECT TABLE_SCHEMA, TABLE_NAME, TABLE_TYPE, TABLE_ROWS, TABLE_COLLATION FROM information_schema.tables;']
[14-Aug-2022 19:12:36] [Date: 2022-08-14 19:12:36 | root connect succesfully to 'penjub']
[14-Aug-2022 19:12:36] [Date: 2022-08-14 19:12:36 | root execute succesfully show tables query
 'SHOW TABLES;']
[14-Aug-2022 19:12:39] [Date: 2022-08-14 19:12:39 | root connect succesfully to 'penjub']
[14-Aug-2022 19:12:39] [Date: 2022-08-14 19:12:39 | root execute succesfully show tables query
 'describe tbl_ciudad;']
[14-Aug-2022 19:12:41] [Date: 2022-08-14 19:12:41 | root connect succesfully to 'penjub']
[14-Aug-2022 19:12:41] [Date: 2022-08-14 19:12:41 | root execute succesfully Sql Query in DB: penjub
 'select count(*) as numb from tbl_ciudad']
[14-Aug-2022 19:12:41] [Date: 2022-08-14 19:12:41 | root execute succesfully Select query in penjub
 'SELECT * FROM tbl_ciudad limit 0,15']
[14-Aug-2022 19:12:44] [Date: 2022-08-14 19:12:44 | root connect succesfully to 'penjub']
[14-Aug-2022 19:12:44] [Date: 2022-08-14 19:12:44 | root execute succesfully show tables query
 'describe tbl_archivos;']
[14-Aug-2022 19:12:47] [Date: 2022-08-14 19:12:47 | root connect succesfully to 'penjub']
[14-Aug-2022 19:12:47] [Date: 2022-08-14 19:12:47 | root execute succesfully Sql Query in DB: penjub
 'select count(*) as numb from tbl_archivos']
[14-Aug-2022 19:12:47] [Date: 2022-08-14 19:12:47 | root execute succesfully Select query in penjub
 'SELECT * FROM tbl_archivos limit 0,15']
[14-Aug-2022 19:15:39] [Date: 2022-08-14 19:15:39 | root connect succesfully to '127.0.0.1']
[14-Aug-2022 19:15:39] [Date: 2022-08-14 19:15:39 | root connect succesfully to '127.0.0.1']
[14-Aug-2022 19:15:39] [Date: 2022-08-14 19:15:39 |  execute succesfully show tables query
 'SHOW DATABASES;']
[14-Aug-2022 19:15:39] [Date: 2022-08-14 19:15:39 | root execute succesfully Select query in 
 'SELECT TABLE_SCHEMA, TABLE_NAME, TABLE_TYPE, TABLE_ROWS, TABLE_COLLATION FROM information_schema.tables;']
[14-Aug-2022 19:15:40] [Date: 2022-08-14 19:15:40 | root connect succesfully to 'penjub']
[14-Aug-2022 19:15:40] [Date: 2022-08-14 19:15:40 | root execute succesfully show tables query
 'SHOW TABLES;']
[14-Aug-2022 19:15:42] [Date: 2022-08-14 19:15:42 | root connect succesfully to 'penjub']
[14-Aug-2022 19:15:42] [Date: 2022-08-14 19:15:42 | root execute succesfully show tables query
 'describe tbl_arch_imagen_persona;']
[14-Aug-2022 19:15:44] [Date: 2022-08-14 19:15:44 | root connect succesfully to 'penjub']
[14-Aug-2022 19:15:44] [Date: 2022-08-14 19:15:44 | root execute succesfully Sql Query in DB: penjub
 'select count(*) as numb from tbl_arch_imagen_persona']
[14-Aug-2022 19:15:44] [Date: 2022-08-14 19:15:44 | root execute succesfully Select query in penjub
 'SELECT * FROM tbl_arch_imagen_persona limit 0,15']
[14-Aug-2022 19:16:05] [Date: 2022-08-14 19:16:05 | root connect succesfully to 'my_lqs_admin']
[14-Aug-2022 19:16:05] [Date: 2022-08-14 19:16:05 | root connect succesfully to 'penjub']
[14-Aug-2022 19:16:05] [Date: 2022-08-14 19:16:05 | root execute succesfully Sql Query in DB: my_lqs_admin
 'SELECT btn_name, comment, query FROM standard_queries']
[14-Aug-2022 19:16:05] [Date: 2022-08-14 19:16:05 | root execute succesfully show tables query
 'SHOW TABLES;']
[14-Aug-2022 19:16:55] [Date: 2022-08-14 19:16:55 | root connect succesfully to '127.0.0.1']
[14-Aug-2022 19:16:55] [Date: 2022-08-14 19:16:55 | root connect succesfully to '127.0.0.1']
[14-Aug-2022 19:16:55] [Date: 2022-08-14 19:16:55 |  execute succesfully show tables query
 'SHOW DATABASES;']
[14-Aug-2022 19:16:56] [Date: 2022-08-14 19:16:56 | root execute succesfully Select query in 
 'SELECT TABLE_SCHEMA, TABLE_NAME, TABLE_TYPE, TABLE_ROWS, TABLE_COLLATION FROM information_schema.tables;']
[14-Aug-2022 19:16:58] [Date: 2022-08-14 19:16:58 | root connect succesfully to 'penjub']
[14-Aug-2022 19:16:58] [Date: 2022-08-14 19:16:58 | root execute succesfully show tables query
 'SHOW TABLES;']
[14-Aug-2022 19:17:01] [Date: 2022-08-14 19:17:01 | root connect succesfully to 'my_lqs_admin']
[14-Aug-2022 19:17:01] [Date: 2022-08-14 19:17:01 | root connect succesfully to 'penjub']
[14-Aug-2022 19:17:01] [Date: 2022-08-14 19:17:01 | root execute succesfully Sql Query in DB: my_lqs_admin
 'SELECT btn_name, comment, query FROM standard_queries']
[14-Aug-2022 19:17:01] [Date: 2022-08-14 19:17:01 | root execute succesfully show tables query
 'SHOW TABLES;']
[14-Aug-2022 19:17:06] [Date: 2022-08-14 19:17:06 | root connect succesfully to 'penjub']
[14-Aug-2022 19:17:06] [Date: 2022-08-14 19:17:06 | root execute succesfully show tables query
 'describe tbl_archivos;']
[14-Aug-2022 19:17:16] [Date: 2022-08-14 19:17:16 | root connect succesfully to 'penjub']
[14-Aug-2022 19:17:16] [Date: 2022-08-14 19:17:16 | root execute succesfully Sql Query in DB: penjub
 'select * from tbl_archivos']
[14-Aug-2022 19:17:16] [Date: 2022-08-14 19:17:16 | root execute succesfully Sql Query in DB: penjub
 'select * from tbl_archivos limit 0,15']
[14-Aug-2022 19:18:56] [Date: 2022-08-14 19:18:56 | root connect succesfully to 'penjub']
[14-Aug-2022 19:18:56] [Date: 2022-08-14 19:18:56 | root execute succesfully show tables query
 'describe tbl_ciudad;']
[14-Aug-2022 19:18:59] [Date: 2022-08-14 19:18:59 | root connect succesfully to 'penjub']
[14-Aug-2022 19:18:59] [Date: 2022-08-14 19:18:59 | root execute succesfully show tables query
 'describe tbl_ciudad;']
[14-Aug-2022 19:38:07] [Date: 2022-08-14 19:38:07 | root connect succesfully to '127.0.0.1']
[14-Aug-2022 19:38:07] [Date: 2022-08-14 19:38:07 | root connect succesfully to '127.0.0.1']
[14-Aug-2022 19:38:07] [Date: 2022-08-14 19:38:07 |  execute succesfully show tables query
 'SHOW DATABASES;']
[14-Aug-2022 19:38:07] [Date: 2022-08-14 19:38:07 | root execute succesfully Select query in 
 'SELECT TABLE_SCHEMA, TABLE_NAME, TABLE_TYPE, TABLE_ROWS, TABLE_COLLATION FROM information_schema.tables;']
[14-Aug-2022 19:38:35] [Date: 2022-08-14 19:38:35 | root connect succesfully to '127.0.0.1']
[14-Aug-2022 19:38:36] [Date: 2022-08-14 19:38:36 | root connect succesfully to '127.0.0.1']
[14-Aug-2022 19:38:36] [Date: 2022-08-14 19:38:36 |  execute succesfully show tables query
 'SHOW DATABASES;']
[14-Aug-2022 19:38:36] [Date: 2022-08-14 19:38:36 | root execute succesfully Select query in 
 'SELECT TABLE_SCHEMA, TABLE_NAME, TABLE_TYPE, TABLE_ROWS, TABLE_COLLATION FROM information_schema.tables;']
[14-Aug-2022 19:38:37] [Date: 2022-08-14 19:38:37 | root connect succesfully to 'penjub']
[14-Aug-2022 19:38:37] [Date: 2022-08-14 19:38:37 | root execute succesfully show tables query
 'SHOW TABLES;']
[14-Aug-2022 19:38:41] [Date: 2022-08-14 19:38:41 | root connect succesfully to 'penjub']
[14-Aug-2022 19:38:41] [Date: 2022-08-14 19:38:41 | root execute succesfully show tables query
 'describe tbl_ciudad;']
[14-Aug-2022 19:38:43] [Date: 2022-08-14 19:38:43 | root connect succesfully to 'penjub']
[14-Aug-2022 19:38:43] [Date: 2022-08-14 19:38:43 | root execute succesfully Sql Query in DB: penjub
 'select count(*) as numb from tbl_ciudad']
[14-Aug-2022 19:38:43] [Date: 2022-08-14 19:38:43 | root execute succesfully Select query in penjub
 'SELECT * FROM tbl_ciudad limit 0,15']
[14-Aug-2022 19:38:44] [Date: 2022-08-14 19:38:44 | root connect succesfully to 'my_lqs_admin']
[14-Aug-2022 19:38:44] [Date: 2022-08-14 19:38:44 | root connect succesfully to 'penjub']
[14-Aug-2022 19:38:44] [Date: 2022-08-14 19:38:44 | root execute succesfully Sql Query in DB: my_lqs_admin
 'SELECT btn_name, comment, query FROM standard_queries']
[14-Aug-2022 19:38:44] [Date: 2022-08-14 19:38:44 | root execute succesfully show tables query
 'SHOW TABLES;']
[14-Aug-2022 19:38:48] [Date: 2022-08-14 19:38:48 | root connect succesfully to 'penjub']
[14-Aug-2022 19:38:48] [Date: 2022-08-14 19:38:48 | root execute succesfully Sql Query in DB: penjub
 'select count(*) as numb from tbl_ciudad']
[14-Aug-2022 19:38:48] [Date: 2022-08-14 19:38:48 | root execute succesfully Select query in penjub
 'SELECT * FROM tbl_ciudad limit 0,15']
[14-Aug-2022 19:38:49] [Date: 2022-08-14 19:38:49 | root connect succesfully to 'penjub']
[14-Aug-2022 19:38:49] [Date: 2022-08-14 19:38:49 | root execute succesfully show tables query
 'describe tbl_ciudad;']
[14-Aug-2022 19:38:56] [Date: 2022-08-14 19:38:56 | root connect succesfully to 'penjub']
[14-Aug-2022 19:38:56] [Date: 2022-08-14 19:38:56 | root execute succesfully show tables query
 'describe tbl_archivos;']
[14-Aug-2022 19:38:58] [Date: 2022-08-14 19:38:58 | root connect succesfully to 'penjub']
[14-Aug-2022 19:38:58] [Date: 2022-08-14 19:38:58 | root execute succesfully Sql Query in DB: penjub
 'select count(*) as numb from tbl_archivos']
[14-Aug-2022 19:38:58] [Date: 2022-08-14 19:38:58 | root execute succesfully Select query in penjub
 'SELECT * FROM tbl_archivos limit 0,15']
[14-Aug-2022 19:43:36] [Date: 2022-08-14 19:43:36 | root connect succesfully to '127.0.0.1']
[14-Aug-2022 19:43:36] [Date: 2022-08-14 19:43:36 | root connect succesfully to '127.0.0.1']
[14-Aug-2022 19:43:36] [Date: 2022-08-14 19:43:36 |  execute succesfully show tables query
 'SHOW DATABASES;']
[14-Aug-2022 19:43:36] [Date: 2022-08-14 19:43:36 | root execute succesfully Select query in 
 'SELECT TABLE_SCHEMA, TABLE_NAME, TABLE_TYPE, TABLE_ROWS, TABLE_COLLATION FROM information_schema.tables;']
[14-Aug-2022 19:43:39] [Date: 2022-08-14 19:43:39 | root connect succesfully to 'penjub']
[14-Aug-2022 19:43:39] [Date: 2022-08-14 19:43:39 | root execute succesfully show tables query
 'SHOW TABLES;']
[14-Aug-2022 19:43:40] [Date: 2022-08-14 19:43:40 | root connect succesfully to 'penjub']
[14-Aug-2022 19:43:40] [Date: 2022-08-14 19:43:40 | root execute succesfully show tables query
 'SHOW TABLES;']
[14-Aug-2022 19:43:43] [Date: 2022-08-14 19:43:43 | root connect succesfully to 'penjub']
[14-Aug-2022 19:43:43] [Date: 2022-08-14 19:43:43 | root execute succesfully show tables query
 'describe tbl_ciudad;']
[14-Aug-2022 19:43:45] [Date: 2022-08-14 19:43:45 | root connect succesfully to 'penjub']
[14-Aug-2022 19:43:45] [Date: 2022-08-14 19:43:45 | root execute succesfully Sql Query in DB: penjub
 'select count(*) as numb from tbl_ciudad']
[14-Aug-2022 19:43:45] [Date: 2022-08-14 19:43:45 | root execute succesfully Select query in penjub
 'SELECT * FROM tbl_ciudad limit 0,15']
[14-Aug-2022 19:47:01] [Date: 2022-08-14 19:47:01 | root connect succesfully to '127.0.0.1']
[14-Aug-2022 19:47:01] [Date: 2022-08-14 19:47:01 | root connect succesfully to '127.0.0.1']
[14-Aug-2022 19:47:01] [Date: 2022-08-14 19:47:01 |  execute succesfully show tables query
 'SHOW DATABASES;']
[14-Aug-2022 19:47:01] [Date: 2022-08-14 19:47:01 | root execute succesfully Select query in 
 'SELECT TABLE_SCHEMA, TABLE_NAME, TABLE_TYPE, TABLE_ROWS, TABLE_COLLATION FROM information_schema.tables;']
[14-Aug-2022 19:47:03] [Date: 2022-08-14 19:47:03 | root connect succesfully to 'penjub']
[14-Aug-2022 19:47:03] [Date: 2022-08-14 19:47:03 | root execute succesfully show tables query
 'SHOW TABLES;']
[14-Aug-2022 19:47:13] [Date: 2022-08-14 19:47:13 | root connect succesfully to 'penjub']
[14-Aug-2022 19:47:13] [Date: 2022-08-14 19:47:13 | root execute succesfully show tables query
 'describe tbl_ciudad;']
[14-Aug-2022 19:47:15] [Date: 2022-08-14 19:47:15 | root connect succesfully to 'penjub']
[14-Aug-2022 19:47:15] [Date: 2022-08-14 19:47:15 | root execute succesfully Sql Query in DB: penjub
 'select count(*) as numb from tbl_ciudad']
[14-Aug-2022 19:47:15] [Date: 2022-08-14 19:47:15 | root execute succesfully Select query in penjub
 'SELECT * FROM tbl_ciudad limit 0,15']
[14-Aug-2022 19:48:55] [Date: 2022-08-14 19:48:55 | root connect succesfully to '127.0.0.1']
[14-Aug-2022 19:48:55] [Date: 2022-08-14 19:48:55 | root connect succesfully to '127.0.0.1']
[14-Aug-2022 19:48:55] [Date: 2022-08-14 19:48:55 |  execute succesfully show tables query
 'SHOW DATABASES;']
[14-Aug-2022 19:48:55] [Date: 2022-08-14 19:48:55 | root execute succesfully Select query in 
 'SELECT TABLE_SCHEMA, TABLE_NAME, TABLE_TYPE, TABLE_ROWS, TABLE_COLLATION FROM information_schema.tables;']
[14-Aug-2022 19:48:57] [Date: 2022-08-14 19:48:57 | root connect succesfully to 'penjub']
[14-Aug-2022 19:48:57] [Date: 2022-08-14 19:48:57 | root execute succesfully show tables query
 'SHOW TABLES;']
[14-Aug-2022 19:48:59] [Date: 2022-08-14 19:48:59 | root connect succesfully to 'penjub']
[14-Aug-2022 19:48:59] [Date: 2022-08-14 19:48:59 | root execute succesfully show tables query
 'describe tbl_ciudad;']
[14-Aug-2022 19:50:06] [Date: 2022-08-14 19:50:06 | root connect succesfully to '127.0.0.1']
[14-Aug-2022 19:50:06] [Date: 2022-08-14 19:50:06 | root connect succesfully to '127.0.0.1']
[14-Aug-2022 19:50:06] [Date: 2022-08-14 19:50:06 |  execute succesfully show tables query
 'SHOW DATABASES;']
[14-Aug-2022 19:50:06] [Date: 2022-08-14 19:50:06 | root execute succesfully Select query in 
 'SELECT TABLE_SCHEMA, TABLE_NAME, TABLE_TYPE, TABLE_ROWS, TABLE_COLLATION FROM information_schema.tables;']
[14-Aug-2022 19:50:07] [Date: 2022-08-14 19:50:07 | root connect succesfully to 'penjub']
[14-Aug-2022 19:50:07] [Date: 2022-08-14 19:50:07 | root execute succesfully show tables query
 'SHOW TABLES;']
[14-Aug-2022 19:50:08] [Date: 2022-08-14 19:50:08 | root connect succesfully to 'penjub']
[14-Aug-2022 19:50:08] [Date: 2022-08-14 19:50:08 | root execute succesfully show tables query
 'describe tbl_ciudad;']
[14-Aug-2022 19:50:09] [Date: 2022-08-14 19:50:09 | root connect succesfully to 'penjub']
[14-Aug-2022 19:50:09] [Date: 2022-08-14 19:50:09 | root execute succesfully Sql Query in DB: penjub
 'select count(*) as numb from tbl_ciudad']
[14-Aug-2022 19:50:09] [Date: 2022-08-14 19:50:09 | root execute succesfully Select query in penjub
 'SELECT * FROM tbl_ciudad limit 0,15']
[14-Aug-2022 19:51:50] [Date: 2022-08-14 19:51:50 | root connect succesfully to '127.0.0.1']
[14-Aug-2022 19:51:50] [Date: 2022-08-14 19:51:50 |  execute succesfully show tables query
 'SHOW DATABASES;']
[14-Aug-2022 19:51:51] [Date: 2022-08-14 19:51:51 | root execute succesfully Select query in 
 'SELECT TABLE_SCHEMA, TABLE_NAME, TABLE_TYPE, TABLE_ROWS, TABLE_COLLATION FROM information_schema.tables;']
[14-Aug-2022 19:51:52] [Date: 2022-08-14 19:51:52 | root connect succesfully to 'penjub']
[14-Aug-2022 19:51:52] [Date: 2022-08-14 19:51:52 | root execute succesfully show tables query
 'SHOW TABLES;']
[14-Aug-2022 19:51:54] [Date: 2022-08-14 19:51:54 | root connect succesfully to 'penjub']
[14-Aug-2022 19:51:54] [Date: 2022-08-14 19:51:54 | root execute succesfully show tables query
 'describe tbl_ciudad;']
[14-Aug-2022 19:51:55] [Date: 2022-08-14 19:51:55 | root connect succesfully to 'penjub']
[14-Aug-2022 19:51:55] [Date: 2022-08-14 19:51:55 | root execute succesfully Sql Query in DB: penjub
 'select count(*) as numb from tbl_ciudad']
[14-Aug-2022 19:51:55] [Date: 2022-08-14 19:51:55 | root execute succesfully Select query in penjub
 'SELECT * FROM tbl_ciudad limit 0,15']
[14-Aug-2022 19:54:19] [Date: 2022-08-14 19:54:19 | root connect succesfully to '127.0.0.1']
[14-Aug-2022 19:54:19] [Date: 2022-08-14 19:54:19 |  execute succesfully show tables query
 'SHOW DATABASES;']
[14-Aug-2022 19:54:19] [Date: 2022-08-14 19:54:19 | root connect succesfully to '127.0.0.1']
[14-Aug-2022 19:54:19] [Date: 2022-08-14 19:54:19 | root execute succesfully Select query in 
 'SELECT TABLE_SCHEMA, TABLE_NAME, TABLE_TYPE, TABLE_ROWS, TABLE_COLLATION FROM information_schema.tables;']
[14-Aug-2022 19:55:03] [Date: 2022-08-14 19:55:03 | root connect succesfully to '127.0.0.1']
[14-Aug-2022 19:55:03] [Date: 2022-08-14 19:55:03 | root connect succesfully to '127.0.0.1']
[14-Aug-2022 19:55:03] [Date: 2022-08-14 19:55:03 |  execute succesfully show tables query
 'SHOW DATABASES;']
[14-Aug-2022 19:55:03] [Date: 2022-08-14 19:55:03 | root execute succesfully Select query in 
 'SELECT TABLE_SCHEMA, TABLE_NAME, TABLE_TYPE, TABLE_ROWS, TABLE_COLLATION FROM information_schema.tables;']
[14-Aug-2022 19:55:05] [Date: 2022-08-14 19:55:05 | root connect succesfully to 'penjub']
[14-Aug-2022 19:55:05] [Date: 2022-08-14 19:55:05 | root execute succesfully show tables query
 'SHOW TABLES;']
[14-Aug-2022 19:55:07] [Date: 2022-08-14 19:55:07 | root connect succesfully to 'penjub']
[14-Aug-2022 19:55:07] [Date: 2022-08-14 19:55:07 | root execute succesfully show tables query
 'describe tbl_ciudad;']
[14-Aug-2022 19:55:08] [Date: 2022-08-14 19:55:08 | root connect succesfully to 'penjub']
[14-Aug-2022 19:55:08] [Date: 2022-08-14 19:55:08 | root execute succesfully Sql Query in DB: penjub
 'select count(*) as numb from tbl_ciudad']
[14-Aug-2022 19:55:08] [Date: 2022-08-14 19:55:08 | root execute succesfully Select query in penjub
 'SELECT * FROM tbl_ciudad limit 0,15']
[14-Aug-2022 19:55:11] [Date: 2022-08-14 19:55:11 |  CONNECT DB 'penjub' FAIL !SQLSTATE[HY000] [1045] Access denied for user ''@'localhost' (using password: NO)]
[14-Aug-2022 19:57:06] [Date: 2022-08-14 19:57:06 | root connect succesfully to '127.0.0.1']
[14-Aug-2022 19:57:06] [Date: 2022-08-14 19:57:06 | root connect succesfully to '127.0.0.1']
[14-Aug-2022 19:57:06] [Date: 2022-08-14 19:57:06 |  execute succesfully show tables query
 'SHOW DATABASES;']
[14-Aug-2022 19:57:06] [Date: 2022-08-14 19:57:06 | root execute succesfully Select query in 
 'SELECT TABLE_SCHEMA, TABLE_NAME, TABLE_TYPE, TABLE_ROWS, TABLE_COLLATION FROM information_schema.tables;']
[14-Aug-2022 19:57:09] [Date: 2022-08-14 19:57:09 | root connect succesfully to 'penjub']
[14-Aug-2022 19:57:09] [Date: 2022-08-14 19:57:09 | root execute succesfully show tables query
 'SHOW TABLES;']
[14-Aug-2022 19:57:12] [Date: 2022-08-14 19:57:12 | root connect succesfully to 'penjub']
[14-Aug-2022 19:57:12] [Date: 2022-08-14 19:57:12 | root execute succesfully show tables query
 'describe tbl_ciudad;']
[14-Aug-2022 19:57:14] [Date: 2022-08-14 19:57:14 | root connect succesfully to 'penjub']
[14-Aug-2022 19:57:14] [Date: 2022-08-14 19:57:14 | root execute succesfully Sql Query in DB: penjub
 'select count(*) as numb from tbl_ciudad']
[14-Aug-2022 19:57:14] [Date: 2022-08-14 19:57:14 | root execute succesfully Select query in penjub
 'SELECT * FROM tbl_ciudad limit 0,15']
[14-Aug-2022 19:57:16] [Date: 2022-08-14 19:57:16 |  CONNECT DB 'penjub' FAIL !SQLSTATE[HY000] [1045] Access denied for user ''@'localhost' (using password: NO)]
[14-Aug-2022 20:00:35] [Date: 2022-08-14 20:00:35 | root connect succesfully to '127.0.0.1']
[14-Aug-2022 20:00:35] [Date: 2022-08-14 20:00:35 | root connect succesfully to '127.0.0.1']
[14-Aug-2022 20:00:35] [Date: 2022-08-14 20:00:35 |  execute succesfully show tables query
 'SHOW DATABASES;']
[14-Aug-2022 20:00:35] [Date: 2022-08-14 20:00:35 | root execute succesfully Select query in 
 'SELECT TABLE_SCHEMA, TABLE_NAME, TABLE_TYPE, TABLE_ROWS, TABLE_COLLATION FROM information_schema.tables;']
[14-Aug-2022 20:00:37] [Date: 2022-08-14 20:00:37 | root connect succesfully to 'penjub']
[14-Aug-2022 20:00:37] [Date: 2022-08-14 20:00:37 | root execute succesfully show tables query
 'SHOW TABLES;']
[14-Aug-2022 20:00:38] [Date: 2022-08-14 20:00:38 | root connect succesfully to 'penjub']
[14-Aug-2022 20:00:38] [Date: 2022-08-14 20:00:38 | root execute succesfully show tables query
 'describe tbl_ciudad;']
[14-Aug-2022 20:00:40] [Date: 2022-08-14 20:00:40 | root connect succesfully to 'penjub']
[14-Aug-2022 20:00:40] [Date: 2022-08-14 20:00:40 | root execute succesfully Sql Query in DB: penjub
 'select count(*) as numb from tbl_ciudad']
[14-Aug-2022 20:00:40] [Date: 2022-08-14 20:00:40 | root execute succesfully Select query in penjub
 'SELECT * FROM tbl_ciudad limit 0,15']
[14-Aug-2022 20:00:41] [Date: 2022-08-14 20:00:41 | root connect succesfully to 'penjub']
[14-Aug-2022 20:00:41] [Date: 2022-08-14 20:00:41 | root execute succesfully Sql Query in DB: penjub
 'SELECT * FROM tbl_ciudad']
[14-Aug-2022 20:02:44] [Date: 2022-08-14 20:02:44 | root connect succesfully to '127.0.0.1']
[14-Aug-2022 20:02:44] [Date: 2022-08-14 20:02:44 | root connect succesfully to '127.0.0.1']
[14-Aug-2022 20:02:44] [Date: 2022-08-14 20:02:44 |  execute succesfully show tables query
 'SHOW DATABASES;']
[14-Aug-2022 20:02:44] [Date: 2022-08-14 20:02:44 | root execute succesfully Select query in 
 'SELECT TABLE_SCHEMA, TABLE_NAME, TABLE_TYPE, TABLE_ROWS, TABLE_COLLATION FROM information_schema.tables;']
[14-Aug-2022 20:02:46] [Date: 2022-08-14 20:02:46 | root connect succesfully to 'penjub']
[14-Aug-2022 20:02:46] [Date: 2022-08-14 20:02:46 | root execute succesfully show tables query
 'SHOW TABLES;']
[14-Aug-2022 20:02:49] [Date: 2022-08-14 20:02:49 | root connect succesfully to 'penjub']
[14-Aug-2022 20:02:49] [Date: 2022-08-14 20:02:49 | root execute succesfully show tables query
 'describe tbl_ciudad;']
[14-Aug-2022 20:02:51] [Date: 2022-08-14 20:02:51 | root connect succesfully to 'penjub']
[14-Aug-2022 20:02:51] [Date: 2022-08-14 20:02:51 | root execute succesfully Sql Query in DB: penjub
 'select count(*) as numb from tbl_ciudad']
[14-Aug-2022 20:02:51] [Date: 2022-08-14 20:02:51 | root execute succesfully Select query in penjub
 'SELECT * FROM tbl_ciudad limit 0,15']
[14-Aug-2022 20:02:52] [Date: 2022-08-14 20:02:52 | root connect succesfully to 'penjub']
[14-Aug-2022 20:02:52] [Date: 2022-08-14 20:02:52 | root execute succesfully Sql Query in DB: penjub
 'SELECT * FROM tbl_ciudad']
[14-Aug-2022 20:05:15] [Date: 2022-08-14 20:05:15 | root connect succesfully to '127.0.0.1']
[14-Aug-2022 20:05:15] [Date: 2022-08-14 20:05:15 | root connect succesfully to '127.0.0.1']
[14-Aug-2022 20:05:15] [Date: 2022-08-14 20:05:15 |  execute succesfully show tables query
 'SHOW DATABASES;']
[14-Aug-2022 20:05:15] [Date: 2022-08-14 20:05:15 | root execute succesfully Select query in 
 'SELECT TABLE_SCHEMA, TABLE_NAME, TABLE_TYPE, TABLE_ROWS, TABLE_COLLATION FROM information_schema.tables;']
[14-Aug-2022 20:05:17] [Date: 2022-08-14 20:05:17 | root connect succesfully to 'penjub']
[14-Aug-2022 20:05:17] [Date: 2022-08-14 20:05:17 | root execute succesfully show tables query
 'SHOW TABLES;']
[14-Aug-2022 20:05:19] [Date: 2022-08-14 20:05:19 | root connect succesfully to 'penjub']
[14-Aug-2022 20:05:19] [Date: 2022-08-14 20:05:19 | root execute succesfully show tables query
 'describe tbl_ciudad;']
[14-Aug-2022 20:05:20] [Date: 2022-08-14 20:05:20 | root connect succesfully to 'penjub']
[14-Aug-2022 20:05:20] [Date: 2022-08-14 20:05:20 | root execute succesfully Sql Query in DB: penjub
 'select count(*) as numb from tbl_ciudad']
[14-Aug-2022 20:05:20] [Date: 2022-08-14 20:05:20 | root execute succesfully Select query in penjub
 'SELECT * FROM tbl_ciudad limit 0,15']
[14-Aug-2022 20:05:22] [Date: 2022-08-14 20:05:22 | root connect succesfully to 'penjub']
[14-Aug-2022 20:05:22] [Date: 2022-08-14 20:05:22 | root execute succesfully Sql Query in DB: penjub
 'SELECT * FROM tbl_ciudad']
[14-Aug-2022 20:07:58] [Date: 2022-08-14 20:07:58 | root connect succesfully to '127.0.0.1']
[14-Aug-2022 20:07:58] [Date: 2022-08-14 20:07:58 |  execute succesfully show tables query
 'SHOW DATABASES;']
[14-Aug-2022 20:07:58] [Date: 2022-08-14 20:07:58 | root connect succesfully to '127.0.0.1']
[14-Aug-2022 20:07:58] [Date: 2022-08-14 20:07:58 | root execute succesfully Select query in 
 'SELECT TABLE_SCHEMA, TABLE_NAME, TABLE_TYPE, TABLE_ROWS, TABLE_COLLATION FROM information_schema.tables;']
[14-Aug-2022 20:07:59] [Date: 2022-08-14 20:07:59 | root connect succesfully to 'penjub']
[14-Aug-2022 20:07:59] [Date: 2022-08-14 20:07:59 | root execute succesfully show tables query
 'SHOW TABLES;']
[14-Aug-2022 20:08:01] [Date: 2022-08-14 20:08:01 | root connect succesfully to 'penjub']
[14-Aug-2022 20:08:01] [Date: 2022-08-14 20:08:01 | root execute succesfully show tables query
 'describe tbl_ciudad;']
[14-Aug-2022 20:08:02] [Date: 2022-08-14 20:08:02 | root connect succesfully to 'penjub']
[14-Aug-2022 20:08:02] [Date: 2022-08-14 20:08:02 | root execute succesfully Sql Query in DB: penjub
 'select count(*) as numb from tbl_ciudad']
[14-Aug-2022 20:08:02] [Date: 2022-08-14 20:08:02 | root execute succesfully Select query in penjub
 'SELECT * FROM tbl_ciudad limit 0,15']
[14-Aug-2022 20:08:04] [Date: 2022-08-14 20:08:04 | root connect succesfully to 'penjub']
[14-Aug-2022 20:08:04] [Date: 2022-08-14 20:08:04 | root execute succesfully Sql Query in DB: penjub
 'SELECT * FROM tbl_ciudad']
[14-Aug-2022 20:27:31] [Date: 2022-08-14 20:27:31 | root connect succesfully to '127.0.0.1']
[14-Aug-2022 20:27:31] [Date: 2022-08-14 20:27:31 | root connect succesfully to '127.0.0.1']
[14-Aug-2022 20:27:31] [Date: 2022-08-14 20:27:31 |  execute succesfully show tables query
 'SHOW DATABASES;']
[14-Aug-2022 20:27:31] [Date: 2022-08-14 20:27:31 | root execute succesfully Select query in 
 'SELECT TABLE_SCHEMA, TABLE_NAME, TABLE_TYPE, TABLE_ROWS, TABLE_COLLATION FROM information_schema.tables;']
[14-Aug-2022 20:27:33] [Date: 2022-08-14 20:27:33 | root connect succesfully to 'penjub']
[14-Aug-2022 20:27:33] [Date: 2022-08-14 20:27:33 | root execute succesfully show tables query
 'SHOW TABLES;']
[14-Aug-2022 20:27:34] [Date: 2022-08-14 20:27:34 | root connect succesfully to 'penjub']
[14-Aug-2022 20:27:34] [Date: 2022-08-14 20:27:34 | root execute succesfully show tables query
 'describe tbl_ciudad;']
[14-Aug-2022 20:27:36] [Date: 2022-08-14 20:27:36 | root connect succesfully to 'penjub']
[14-Aug-2022 20:27:36] [Date: 2022-08-14 20:27:36 | root execute succesfully Sql Query in DB: penjub
 'select count(*) as numb from tbl_ciudad']
[14-Aug-2022 20:27:36] [Date: 2022-08-14 20:27:36 | root execute succesfully Select query in penjub
 'SELECT * FROM tbl_ciudad limit 0,15']
[14-Aug-2022 20:27:51] [Date: 2022-08-14 20:27:51 | root connect succesfully to 'penjub']
[14-Aug-2022 20:27:51] [Date: 2022-08-14 20:27:51 | root execute succesfully Sql Query in DB: penjub
 'SELECT * FROM tbl_ciudad']
[14-Aug-2022 20:40:11] [Date: 2022-08-14 20:40:11 | root connect succesfully to '127.0.0.1']
[14-Aug-2022 20:40:11] [Date: 2022-08-14 20:40:11 | root connect succesfully to '127.0.0.1']
[14-Aug-2022 20:40:11] [Date: 2022-08-14 20:40:11 |  execute succesfully show tables query
 'SHOW DATABASES;']
[14-Aug-2022 20:40:11] [Date: 2022-08-14 20:40:11 | root execute succesfully Select query in 
 'SELECT TABLE_SCHEMA, TABLE_NAME, TABLE_TYPE, TABLE_ROWS, TABLE_COLLATION FROM information_schema.tables;']
[14-Aug-2022 20:40:13] [Date: 2022-08-14 20:40:13 | root connect succesfully to 'penjub']
[14-Aug-2022 20:40:13] [Date: 2022-08-14 20:40:13 | root execute succesfully show tables query
 'SHOW TABLES;']
[14-Aug-2022 20:40:15] [Date: 2022-08-14 20:40:15 | root connect succesfully to 'penjub']
[14-Aug-2022 20:40:15] [Date: 2022-08-14 20:40:15 | root execute succesfully show tables query
 'describe tbl_ciudad;']
[14-Aug-2022 20:40:16] [Date: 2022-08-14 20:40:16 | root connect succesfully to 'penjub']
[14-Aug-2022 20:40:16] [Date: 2022-08-14 20:40:16 | root execute succesfully Sql Query in DB: penjub
 'select count(*) as numb from tbl_ciudad']
[14-Aug-2022 20:40:16] [Date: 2022-08-14 20:40:16 | root execute succesfully Select query in penjub
 'SELECT * FROM tbl_ciudad limit 0,15']
[14-Aug-2022 20:40:17] [Date: 2022-08-14 20:40:17 | root connect succesfully to 'penjub']
[14-Aug-2022 20:40:17] [Date: 2022-08-14 20:40:17 | root execute succesfully Sql Query in DB: penjub
 'SELECT * FROM tbl_ciudad']
[14-Aug-2022 20:40:49] [Date: 2022-08-14 20:40:49 | root connect succesfully to '127.0.0.1']
[14-Aug-2022 20:40:49] [Date: 2022-08-14 20:40:49 | root connect succesfully to '127.0.0.1']
[14-Aug-2022 20:40:49] [Date: 2022-08-14 20:40:49 |  execute succesfully show tables query
 'SHOW DATABASES;']
[14-Aug-2022 20:40:49] [Date: 2022-08-14 20:40:49 | root execute succesfully Select query in 
 'SELECT TABLE_SCHEMA, TABLE_NAME, TABLE_TYPE, TABLE_ROWS, TABLE_COLLATION FROM information_schema.tables;']
[14-Aug-2022 20:40:51] [Date: 2022-08-14 20:40:51 | root connect succesfully to 'penjub']
[14-Aug-2022 20:40:51] [Date: 2022-08-14 20:40:51 | root execute succesfully show tables query
 'SHOW TABLES;']
[14-Aug-2022 20:40:52] [Date: 2022-08-14 20:40:52 | root connect succesfully to 'penjub']
[14-Aug-2022 20:40:52] [Date: 2022-08-14 20:40:52 | root execute succesfully show tables query
 'describe tbl_ciudad;']
[14-Aug-2022 20:40:53] [Date: 2022-08-14 20:40:53 | root connect succesfully to 'penjub']
[14-Aug-2022 20:40:53] [Date: 2022-08-14 20:40:53 | root execute succesfully Sql Query in DB: penjub
 'select count(*) as numb from tbl_ciudad']
[14-Aug-2022 20:40:53] [Date: 2022-08-14 20:40:53 | root execute succesfully Select query in penjub
 'SELECT * FROM tbl_ciudad limit 0,15']
[14-Aug-2022 20:40:55] [Date: 2022-08-14 20:40:55 | root connect succesfully to 'penjub']
[14-Aug-2022 20:40:55] [Date: 2022-08-14 20:40:55 | root execute succesfully Sql Query in DB: penjub
 'SELECT * FROM tbl_ciudad']
[14-Aug-2022 20:44:37] [Date: 2022-08-14 20:44:37 | root connect succesfully to '127.0.0.1']
[14-Aug-2022 20:44:37] [Date: 2022-08-14 20:44:37 |  execute succesfully show tables query
 'SHOW DATABASES;']
[14-Aug-2022 20:44:37] [Date: 2022-08-14 20:44:37 | root connect succesfully to '127.0.0.1']
[14-Aug-2022 20:44:37] [Date: 2022-08-14 20:44:37 | root execute succesfully Select query in 
 'SELECT TABLE_SCHEMA, TABLE_NAME, TABLE_TYPE, TABLE_ROWS, TABLE_COLLATION FROM information_schema.tables;']
[14-Aug-2022 20:44:38] [Date: 2022-08-14 20:44:38 | root connect succesfully to 'penjub']
[14-Aug-2022 20:44:38] [Date: 2022-08-14 20:44:38 | root execute succesfully show tables query
 'SHOW TABLES;']
[14-Aug-2022 20:44:41] [Date: 2022-08-14 20:44:41 | root connect succesfully to 'penjub']
[14-Aug-2022 20:44:41] [Date: 2022-08-14 20:44:41 | root execute succesfully show tables query
 'describe tbl_ciudad;']
[14-Aug-2022 20:44:43] [Date: 2022-08-14 20:44:43 | root connect succesfully to 'penjub']
[14-Aug-2022 20:44:43] [Date: 2022-08-14 20:44:43 | root execute succesfully show tables query
 'SHOW TABLES;']
[14-Aug-2022 20:44:43] [Date: 2022-08-14 20:44:43 | root connect succesfully to 'my_lqs_admin']
[14-Aug-2022 20:44:43] [Date: 2022-08-14 20:44:43 | root execute succesfully Sql Query in DB: my_lqs_admin
 'SELECT btn_name, comment, query FROM standard_queries']
[14-Aug-2022 20:44:46] [Date: 2022-08-14 20:44:46 | root connect succesfully to 'penjub']
[14-Aug-2022 20:44:46] [Date: 2022-08-14 20:44:46 | root execute succesfully Sql Query in DB: penjub
 'select count(*) as numb from tbl_ciudad']
[14-Aug-2022 20:44:46] [Date: 2022-08-14 20:44:46 | root execute succesfully Select query in penjub
 'SELECT * FROM tbl_ciudad limit 0,15']
[14-Aug-2022 20:44:48] [Date: 2022-08-14 20:44:48 | root connect succesfully to 'penjub']
[14-Aug-2022 20:44:48] [Date: 2022-08-14 20:44:48 | Sql_Query_try_catch: query in penjub FAILED !
 'undefined' SQLSTATE[42000]: Syntax error or access violation: 1064 You have an error in your SQL syntax; check the manual that corresponds to your MariaDB server version for the right syntax to use near 'undefined' at line 1]
[14-Aug-2022 20:46:49] [Date: 2022-08-14 20:46:49 | root connect succesfully to '127.0.0.1']
[14-Aug-2022 20:46:49] [Date: 2022-08-14 20:46:49 |  execute succesfully show tables query
 'SHOW DATABASES;']
[14-Aug-2022 20:46:49] [Date: 2022-08-14 20:46:49 | root connect succesfully to '127.0.0.1']
[14-Aug-2022 20:46:49] [Date: 2022-08-14 20:46:49 | root execute succesfully Select query in 
 'SELECT TABLE_SCHEMA, TABLE_NAME, TABLE_TYPE, TABLE_ROWS, TABLE_COLLATION FROM information_schema.tables;']
[14-Aug-2022 20:46:51] [Date: 2022-08-14 20:46:51 | root connect succesfully to 'penjub']
[14-Aug-2022 20:46:51] [Date: 2022-08-14 20:46:51 | root execute succesfully show tables query
 'SHOW TABLES;']
[14-Aug-2022 20:46:53] [Date: 2022-08-14 20:46:53 | root connect succesfully to 'penjub']
[14-Aug-2022 20:46:53] [Date: 2022-08-14 20:46:53 | root execute succesfully show tables query
 'describe tbl_ciudad;']
[14-Aug-2022 20:46:54] [Date: 2022-08-14 20:46:54 | root connect succesfully to 'penjub']
[14-Aug-2022 20:46:54] [Date: 2022-08-14 20:46:54 | root execute succesfully Sql Query in DB: penjub
 'select count(*) as numb from tbl_ciudad']
[14-Aug-2022 20:46:54] [Date: 2022-08-14 20:46:54 | root execute succesfully Select query in penjub
 'SELECT * FROM tbl_ciudad limit 0,15']
[14-Aug-2022 20:46:55] [Date: 2022-08-14 20:46:55 | root connect succesfully to 'penjub']
[14-Aug-2022 20:46:55] [Date: 2022-08-14 20:46:55 | root execute succesfully Sql Query in DB: penjub
 'SELECT * FROM tbl_ciudad']
[14-Aug-2022 20:58:17] [Date: 2022-08-14 20:58:17 | root connect succesfully to '127.0.0.1'][14-Aug-2022 20:58:17] [Date: 2022-08-14 20:58:17 | root connect succesfully to '127.0.0.1']

[14-Aug-2022 20:58:17] [Date: 2022-08-14 20:58:17 |  execute succesfully show tables query
 'SHOW DATABASES;']
[14-Aug-2022 20:58:17] [Date: 2022-08-14 20:58:17 | root execute succesfully Select query in 
 'SELECT TABLE_SCHEMA, TABLE_NAME, TABLE_TYPE, TABLE_ROWS, TABLE_COLLATION FROM information_schema.tables;']
[14-Aug-2022 20:58:18] [Date: 2022-08-14 20:58:18 | root connect succesfully to 'penjub']
[14-Aug-2022 20:58:18] [Date: 2022-08-14 20:58:18 | root execute succesfully show tables query
 'SHOW TABLES;']
[14-Aug-2022 20:58:20] [Date: 2022-08-14 20:58:20 | root connect succesfully to 'penjub']
[14-Aug-2022 20:58:20] [Date: 2022-08-14 20:58:20 | root execute succesfully show tables query
 'describe tbl_ciudad;']
[14-Aug-2022 20:58:21] [Date: 2022-08-14 20:58:21 | root connect succesfully to 'penjub']
[14-Aug-2022 20:58:21] [Date: 2022-08-14 20:58:21 | root execute succesfully Sql Query in DB: penjub
 'select count(*) as numb from tbl_ciudad']
[14-Aug-2022 20:58:21] [Date: 2022-08-14 20:58:21 | root execute succesfully Select query in penjub
 'SELECT * FROM tbl_ciudad limit 0,15']
[14-Aug-2022 20:58:22] [Date: 2022-08-14 20:58:22 | root connect succesfully to 'penjub']
[14-Aug-2022 20:58:22] [Date: 2022-08-14 20:58:22 | root execute succesfully Sql Query in DB: penjub
 'SELECT * FROM tbl_ciudad']
[14-Aug-2022 20:59:42] [Date: 2022-08-14 20:59:42 | root connect succesfully to 'penjub']
[14-Aug-2022 20:59:42] [Date: 2022-08-14 20:59:42 | root execute succesfully show tables query
 'describe tbl_persona;']
[14-Aug-2022 20:59:43] [Date: 2022-08-14 20:59:43 | root connect succesfully to 'penjub']
[14-Aug-2022 20:59:43] [Date: 2022-08-14 20:59:43 | root execute succesfully Sql Query in DB: penjub
 'select count(*) as numb from tbl_persona']
[14-Aug-2022 20:59:43] [Date: 2022-08-14 20:59:43 | root execute succesfully Select query in penjub
 'SELECT * FROM tbl_persona limit 0,15']
[14-Aug-2022 20:59:46] [Date: 2022-08-14 20:59:46 | root connect succesfully to 'penjub']
[14-Aug-2022 20:59:46] [Date: 2022-08-14 20:59:46 | root execute succesfully Sql Query in DB: penjub
 'SELECT * FROM tbl_persona']
