[24-Aug-2022 10:37:33 Europe/Berlin] PHP Warning:  Undefined variable $db_user in C:\xampp\htdocs\curso-backend-areafor-server\myLQSadmin\include\AJAX_php_js\ajax_List_DB.php on line 45
[24-Aug-2022 10:37:36 Europe/Berlin] PHP Warning:  Undefined variable $hostName in C:\xampp\htdocs\curso-backend-areafor-server\myLQSadmin\include\AJAX_php_js\ajax_ListTables.php on line 34
[24-Aug-2022 10:37:41 Europe/Berlin] PHP Warning:  Undefined variable $divHtml in C:\xampp\htdocs\curso-backend-areafor-server\myLQSadmin\include\AJAX_php_js\ajax_DescribeTbl.php on line 70
[24-Aug-2022 10:37:46 Europe/Berlin] PHP Warning:  Undefined array key "num_rec_init" in C:\xampp\htdocs\curso-backend-areafor-server\myLQSadmin\include\AJAX_php_js\ajax_ViewTbl.php on line 38
[24-Aug-2022 10:37:46 Europe/Berlin] PHP Warning:  Undefined array key "totRecords" in C:\xampp\htdocs\curso-backend-areafor-server\myLQSadmin\include\AJAX_php_js\ajax_ViewTbl.php on line 44
[24-Aug-2022 10:37:59 Europe/Berlin] PHP Warning:  Undefined variable $hostName in C:\xampp\htdocs\curso-backend-areafor-server\myLQSadmin\include\AJAX_php_js\ajax_ListTables.php on line 34
[24-Aug-2022 10:38:02 Europe/Berlin] PHP Warning:  Undefined variable $hostName in C:\xampp\htdocs\curso-backend-areafor-server\myLQSadmin\include\AJAX_php_js\ajax_ListTables.php on line 34
[24-Aug-2022 10:38:04 Europe/Berlin] PHP Warning:  Undefined variable $hostName in C:\xampp\htdocs\curso-backend-areafor-server\myLQSadmin\include\AJAX_php_js\ajax_ListTables.php on line 34
[24-Aug-2022 10:38:12 Europe/Berlin] PHP Warning:  Undefined array key "num_rec_init" in C:\xampp\htdocs\curso-backend-areafor-server\myLQSadmin\include\AJAX_php_js\ajax_Sql_Query.php on line 38
[24-Aug-2022 10:38:12 Europe/Berlin] PHP Warning:  Undefined array key "totRecords" in C:\xampp\htdocs\curso-backend-areafor-server\myLQSadmin\include\AJAX_php_js\ajax_Sql_Query.php on line 44
[24-Aug-2022 10:38:12 Europe/Berlin] PHP Warning:  Undefined array key "tableList" in C:\xampp\htdocs\curso-backend-areafor-server\myLQSadmin\include\AJAX_php_js\ajax_Sql_Query.php on line 64
[24-Aug-2022 10:38:12 Europe/Berlin] PHP Warning:  Undefined array key "tableList" in C:\xampp\htdocs\curso-backend-areafor-server\myLQSadmin\include\AJAX_php_js\ajax_Sql_Query.php on line 66
[24-Aug-2022 10:48:10 Europe/Berlin] PHP Warning:  Undefined variable $hostName in C:\xampp\htdocs\mySQLshell\include\AJAX_php_js\ajax_List_DB.php on line 30
[24-Aug-2022 10:48:10 Europe/Berlin] PHP Warning:  Undefined variable $db_user in C:\xampp\htdocs\mySQLshell\include\AJAX_php_js\ajax_List_DB.php on line 45
[24-Aug-2022 10:48:12 Europe/Berlin] PHP Warning:  Undefined variable $hostName in C:\xampp\htdocs\mySQLshell\include\AJAX_php_js\ajax_List_DB.php on line 30
[24-Aug-2022 10:48:12 Europe/Berlin] PHP Warning:  Undefined variable $db_user in C:\xampp\htdocs\mySQLshell\include\AJAX_php_js\ajax_List_DB.php on line 45
[24-Aug-2022 10:48:12 Europe/Berlin] PHP Warning:  Undefined variable $hostName in C:\xampp\htdocs\mySQLshell\include\AJAX_php_js\ajax_List_DB.php on line 30
[24-Aug-2022 10:48:12 Europe/Berlin] PHP Warning:  Undefined variable $db_user in C:\xampp\htdocs\mySQLshell\include\AJAX_php_js\ajax_List_DB.php on line 45
[24-Aug-2022 10:48:12 Europe/Berlin] PHP Warning:  Undefined variable $hostName in C:\xampp\htdocs\mySQLshell\include\AJAX_php_js\ajax_List_DB.php on line 30
[24-Aug-2022 10:48:12 Europe/Berlin] PHP Warning:  Undefined variable $db_user in C:\xampp\htdocs\mySQLshell\include\AJAX_php_js\ajax_List_DB.php on line 45
